c:\workingstation\githubrepository\distcommsys\client\release\win10\vc140.pdb
c:\workingstation\githubrepository\distcommsys\client\release\win10\msgtranclientdata.obj
c:\workingstation\githubrepository\distcommsys\client\release\win10\msgtranclientcarry.obj
c:\workingstation\githubrepository\distcommsys\client\release\win10\main.obj
c:\workingstation\githubrepository\distcommsys\client\release\win10\grpcclient.obj
c:\workingstation\githubrepository\distcommsys\client\release\win10\grpcchannel.obj
c:\workingstation\githubrepository\distcommsys\client\release\win10\filetranclientimpl.obj
c:\workingstation\githubrepository\distcommsys\client\release\win10\filetranclientdata.obj
c:\workingstation\githubrepository\distcommsys\client\release\win10\filetranclientcarry.obj
c:\workingstation\githubrepository\distcommsys\client\release\win10\netwatermark.pb.obj
c:\workingstation\githubrepository\distcommsys\client\release\win10\netwatermark.grpc.pb.obj
c:\workingstation\githubrepository\distcommsys\client\release\win10\netdirectory.pb.obj
c:\workingstation\githubrepository\distcommsys\client\release\win10\netdirectory.grpc.pb.obj
c:\workingstation\githubrepository\distcommsys\client\release\win10\netconfig.pb.obj
c:\workingstation\githubrepository\distcommsys\client\release\win10\netconfig.grpc.pb.obj
c:\workingstation\githubrepository\distcommsys\client\release\win10\msgtran.pb.obj
c:\workingstation\githubrepository\distcommsys\client\release\win10\msgtran.grpc.pb.obj
c:\workingstation\githubrepository\distcommsys\client\release\win10\metadata.pb.obj
c:\workingstation\githubrepository\distcommsys\client\release\win10\metadata.grpc.pb.obj
c:\workingstation\githubrepository\distcommsys\client\release\win10\filetran.pb.obj
c:\workingstation\githubrepository\distcommsys\client\release\win10\filetran.grpc.pb.obj
c:\workingstation\githubrepository\distcommsys\client\release\win10\netwatermarkclientimpl.obj
c:\workingstation\githubrepository\distcommsys\client\release\win10\netwatermarkclientdata.obj
c:\workingstation\githubrepository\distcommsys\client\release\win10\netwatermarkclientcarry.obj
c:\workingstation\githubrepository\distcommsys\client\release\win10\netdirectoryclientimpl.obj
c:\workingstation\githubrepository\distcommsys\client\release\win10\netdirectoryclientdata.obj
c:\workingstation\githubrepository\distcommsys\client\release\win10\netdirectoryclientcarry.obj
c:\workingstation\githubrepository\distcommsys\client\release\win10\netconfigclientimpl.obj
c:\workingstation\githubrepository\distcommsys\client\release\win10\netconfigclientdata.obj
c:\workingstation\githubrepository\distcommsys\client\release\win10\netconfigclientcarry.obj
c:\workingstation\githubrepository\distcommsys\client\release\win10\msgtranclientimpl.obj
c:\workingstation\githubrepository\distcommsys\release\win10\client.exe
c:\workingstation\githubrepository\distcommsys\release\win10\client.ipdb
c:\workingstation\githubrepository\distcommsys\release\win10\client.iobj
c:\workingstation\githubrepository\distcommsys\release\win10\client.pdb
c:\workingstation\githubrepository\distcommsys\client\release\win10\client.tlog\cl.command.1.tlog
c:\workingstation\githubrepository\distcommsys\client\release\win10\client.tlog\cl.read.1.tlog
c:\workingstation\githubrepository\distcommsys\client\release\win10\client.tlog\cl.write.1.tlog
c:\workingstation\githubrepository\distcommsys\client\release\win10\client.tlog\link.command.1.tlog
c:\workingstation\githubrepository\distcommsys\client\release\win10\client.tlog\link.read.1.tlog
c:\workingstation\githubrepository\distcommsys\client\release\win10\client.tlog\link.write.1.tlog
