C:\Program Files (x86)\MSBuild\Microsoft.Cpp\v4.0\V140\Microsoft.CppBuild.targets(367,5): warning MSB8004: Intermediate Directory does not end with a trailing slash.  This build instance will add the slash as it is required to allow proper evaluation of the Intermediate Directory.
C:\Program Files (x86)\MSBuild\Microsoft.Cpp\v4.0\V140\Microsoft.CppBuild.targets(368,5): warning MSB8004: Output Directory does not end with a trailing slash.  This build instance will add the slash as it is required to allow proper evaluation of the Output Directory.
  main.cpp
C:\WorkingStation\GitHubRepository\DistCommSys\grpc\Win10\include\grpcpp/impl/codegen/callback_common.h(112): warning C4800: “int”: 将值强制为布尔值“true”或“false”(性能警告)
C:\WorkingStation\GitHubRepository\DistCommSys\grpc\Win10\include\grpcpp/impl/codegen/callback_common.h(201): warning C4800: “int”: 将值强制为布尔值“true”或“false”(性能警告)
C:\WorkingStation\GitHubRepository\DistCommSys\grpc\Win10\include\google/protobuf/map_type_handler.h(474): warning C4800: “google::protobuf::uint32”: 将值强制为布尔值“true”或“false”(性能警告)
main.cpp(23): warning C4477: “printf”: 格式字符串“%p”需要类型“void *”的参数，但可变参数 1 拥有了类型“std::shared_ptr<grpc::ChannelInterface>”
main.cpp(23): warning C4477: “printf”: 格式字符串“%p”需要类型“void *”的参数，但可变参数 2 拥有了类型“std::shared_ptr<grpc::ChannelInterface>”
main.cpp(27): warning C4477: “printf”: 格式字符串“%p”需要类型“void *”的参数，但可变参数 1 拥有了类型“std::unique_ptr<InforGuard_::FileTran::Stub,std::default_delete<_Ty>>”
          with
          [
              _Ty=InforGuard_::FileTran::Stub
          ]
main.cpp(27): warning C4477: “printf”: 格式字符串“%p”需要类型“void *”的参数，但可变参数 2 拥有了类型“std::unique_ptr<InforGuard_::FileTran::Stub,std::default_delete<_Ty>>”
          with
          [
              _Ty=InforGuard_::FileTran::Stub
          ]
  正在生成代码
  1 of 7608 functions ( 0.0%) were compiled, the rest were copied from previous compilation.
    0 functions were new in current compilation
    0 functions had inline decision re-evaluated but remain unchanged
  已完成代码的生成
  Client.vcxproj -> C:\WorkingStation\GitHubRepository\DistCommSys\Release\Win10\Client.exe
  Client.vcxproj -> C:\WorkingStation\GitHubRepository\DistCommSys\Release\Win10\Client.pdb (Full PDB)
  C:\WorkingStation\GitHubRepository\DistCommSys\Release\Win10\Client.exe
  复制了 1 个文件
