C:\Program Files (x86)\MSBuild\Microsoft.Cpp\v4.0\V140\Microsoft.CppBuild.targets(367,5): warning MSB8004: Intermediate Directory does not end with a trailing slash.  This build instance will add the slash as it is required to allow proper evaluation of the Intermediate Directory.
C:\Program Files (x86)\MSBuild\Microsoft.Cpp\v4.0\V140\Microsoft.CppBuild.targets(368,5): warning MSB8004: Output Directory does not end with a trailing slash.  This build instance will add the slash as it is required to allow proper evaluation of the Output Directory.
  FileTranServerCarry.cpp
C:\WorkingStation\GitHubRepository\DistCommSys\grpc\Win10\include\google/protobuf/map_type_handler.h(474): warning C4800: “google::protobuf::uint32”: 将值强制为布尔值“true”或“false”(性能警告)
C:\WorkingStation\GitHubRepository\DistCommSys\grpc\Win10\include\grpcpp/impl/codegen/callback_common.h(112): warning C4800: “int”: 将值强制为布尔值“true”或“false”(性能警告)
C:\WorkingStation\GitHubRepository\DistCommSys\grpc\Win10\include\grpcpp/impl/codegen/callback_common.h(201): warning C4800: “int”: 将值强制为布尔值“true”或“false”(性能警告)
  FileTranServerData.cpp
C:\WorkingStation\GitHubRepository\DistCommSys\grpc\Win10\include\google/protobuf/map_type_handler.h(474): warning C4800: “google::protobuf::uint32”: 将值强制为布尔值“true”或“false”(性能警告)
C:\WorkingStation\GitHubRepository\DistCommSys\grpc\Win10\include\grpcpp/impl/codegen/callback_common.h(112): warning C4800: “int”: 将值强制为布尔值“true”或“false”(性能警告)
C:\WorkingStation\GitHubRepository\DistCommSys\grpc\Win10\include\grpcpp/impl/codegen/callback_common.h(201): warning C4800: “int”: 将值强制为布尔值“true”或“false”(性能警告)
  FileTranServerImpl.cpp
FileTran\FileTranServerImpl.cpp(50): warning C4477: “printf”: 格式字符串“%d”需要类型“int”的参数，但可变参数 1 拥有了类型“const __int64”
  FileTran\FileTranServerImpl.cpp(50): note: 请考虑在格式字符串中使用“%lld”
  FileTran\FileTranServerImpl.cpp(50): note: 请考虑在格式字符串中使用“%I64d”
  GRPCServer.cpp
C:\WorkingStation\GitHubRepository\DistCommSys\grpc\Win10\include\google/protobuf/map_type_handler.h(474): warning C4800: “google::protobuf::uint32”: 将值强制为布尔值“true”或“false”(性能警告)
C:\WorkingStation\GitHubRepository\DistCommSys\grpc\Win10\include\grpcpp/impl/codegen/callback_common.h(112): warning C4800: “int”: 将值强制为布尔值“true”或“false”(性能警告)
C:\WorkingStation\GitHubRepository\DistCommSys\grpc\Win10\include\grpcpp/impl/codegen/callback_common.h(201): warning C4800: “int”: 将值强制为布尔值“true”或“false”(性能警告)
  MsgTranServerCarry.cpp
C:\WorkingStation\GitHubRepository\DistCommSys\grpc\Win10\include\google/protobuf/map_type_handler.h(474): warning C4800: “google::protobuf::uint32”: 将值强制为布尔值“true”或“false”(性能警告)
C:\WorkingStation\GitHubRepository\DistCommSys\grpc\Win10\include\grpcpp/impl/codegen/callback_common.h(112): warning C4800: “int”: 将值强制为布尔值“true”或“false”(性能警告)
C:\WorkingStation\GitHubRepository\DistCommSys\grpc\Win10\include\grpcpp/impl/codegen/callback_common.h(201): warning C4800: “int”: 将值强制为布尔值“true”或“false”(性能警告)
  MsgTranServerData.cpp
C:\WorkingStation\GitHubRepository\DistCommSys\grpc\Win10\include\google/protobuf/map_type_handler.h(474): warning C4800: “google::protobuf::uint32”: 将值强制为布尔值“true”或“false”(性能警告)
C:\WorkingStation\GitHubRepository\DistCommSys\grpc\Win10\include\grpcpp/impl/codegen/callback_common.h(112): warning C4800: “int”: 将值强制为布尔值“true”或“false”(性能警告)
C:\WorkingStation\GitHubRepository\DistCommSys\grpc\Win10\include\grpcpp/impl/codegen/callback_common.h(201): warning C4800: “int”: 将值强制为布尔值“true”或“false”(性能警告)
  MsgTranServerImpl.cpp
  NetConfigServerData.cpp
C:\WorkingStation\GitHubRepository\DistCommSys\grpc\Win10\include\google/protobuf/map_type_handler.h(474): warning C4800: “google::protobuf::uint32”: 将值强制为布尔值“true”或“false”(性能警告)
C:\WorkingStation\GitHubRepository\DistCommSys\grpc\Win10\include\grpcpp/impl/codegen/callback_common.h(112): warning C4800: “int”: 将值强制为布尔值“true”或“false”(性能警告)
C:\WorkingStation\GitHubRepository\DistCommSys\grpc\Win10\include\grpcpp/impl/codegen/callback_common.h(201): warning C4800: “int”: 将值强制为布尔值“true”或“false”(性能警告)
  NetConfigServerImpl.cpp
  NetDirectoryServerData.cpp
C:\WorkingStation\GitHubRepository\DistCommSys\grpc\Win10\include\google/protobuf/map_type_handler.h(474): warning C4800: “google::protobuf::uint32”: 将值强制为布尔值“true”或“false”(性能警告)
C:\WorkingStation\GitHubRepository\DistCommSys\grpc\Win10\include\grpcpp/impl/codegen/callback_common.h(112): warning C4800: “int”: 将值强制为布尔值“true”或“false”(性能警告)
C:\WorkingStation\GitHubRepository\DistCommSys\grpc\Win10\include\grpcpp/impl/codegen/callback_common.h(201): warning C4800: “int”: 将值强制为布尔值“true”或“false”(性能警告)
  NetDirectoryServerImpl.cpp
  NetWaterMarkServerData.cpp
C:\WorkingStation\GitHubRepository\DistCommSys\grpc\Win10\include\google/protobuf/map_type_handler.h(474): warning C4800: “google::protobuf::uint32”: 将值强制为布尔值“true”或“false”(性能警告)
C:\WorkingStation\GitHubRepository\DistCommSys\grpc\Win10\include\grpcpp/impl/codegen/callback_common.h(112): warning C4800: “int”: 将值强制为布尔值“true”或“false”(性能警告)
C:\WorkingStation\GitHubRepository\DistCommSys\grpc\Win10\include\grpcpp/impl/codegen/callback_common.h(201): warning C4800: “int”: 将值强制为布尔值“true”或“false”(性能警告)
  NetWaterMarkServerImpl.cpp
  main.cpp
  正在生成代码
  0 of 10379 functions ( 0.0%) were compiled, the rest were copied from previous compilation.
    0 functions were new in current compilation
    0 functions had inline decision re-evaluated but remain unchanged
  已完成代码的生成
  Server.vcxproj -> C:\WorkingStation\GitHubRepository\DistCommSys\Release\Win10\Server.exe
  Server.vcxproj -> C:\WorkingStation\GitHubRepository\DistCommSys\Release\Win10\Server.pdb (Full PDB)
  C:\WorkingStation\GitHubRepository\DistCommSys\Release\Win10\Server.exe
  复制了 1 个文件
