c:\workingstation\githubrepository\distcommsys\server\release\win10\vc140.pdb
c:\workingstation\githubrepository\distcommsys\server\release\win10\msgtranserverimpl.obj
c:\workingstation\githubrepository\distcommsys\server\release\win10\msgtranserverdata.obj
c:\workingstation\githubrepository\distcommsys\server\release\win10\msgtranservercarry.obj
c:\workingstation\githubrepository\distcommsys\server\release\win10\main.obj
c:\workingstation\githubrepository\distcommsys\server\release\win10\grpcserver.obj
c:\workingstation\githubrepository\distcommsys\server\release\win10\filetranserverimpl.obj
c:\workingstation\githubrepository\distcommsys\server\release\win10\filetranserverdata.obj
c:\workingstation\githubrepository\distcommsys\server\release\win10\filetranservercarry.obj
c:\workingstation\githubrepository\distcommsys\server\release\win10\netwatermark.pb.obj
c:\workingstation\githubrepository\distcommsys\server\release\win10\netwatermark.grpc.pb.obj
c:\workingstation\githubrepository\distcommsys\server\release\win10\netdirectory.pb.obj
c:\workingstation\githubrepository\distcommsys\server\release\win10\netdirectory.grpc.pb.obj
c:\workingstation\githubrepository\distcommsys\server\release\win10\netconfig.pb.obj
c:\workingstation\githubrepository\distcommsys\server\release\win10\netconfig.grpc.pb.obj
c:\workingstation\githubrepository\distcommsys\server\release\win10\msgtran.pb.obj
c:\workingstation\githubrepository\distcommsys\server\release\win10\msgtran.grpc.pb.obj
c:\workingstation\githubrepository\distcommsys\server\release\win10\metadata.pb.obj
c:\workingstation\githubrepository\distcommsys\server\release\win10\metadata.grpc.pb.obj
c:\workingstation\githubrepository\distcommsys\server\release\win10\filetran.pb.obj
c:\workingstation\githubrepository\distcommsys\server\release\win10\filetran.grpc.pb.obj
c:\workingstation\githubrepository\distcommsys\server\release\win10\netwatermarkserverimpl.obj
c:\workingstation\githubrepository\distcommsys\server\release\win10\netwatermarkserverdata.obj
c:\workingstation\githubrepository\distcommsys\server\release\win10\netwatermarkservercarry.obj
c:\workingstation\githubrepository\distcommsys\server\release\win10\netdirectoryserverimpl.obj
c:\workingstation\githubrepository\distcommsys\server\release\win10\netdirectoryserverdata.obj
c:\workingstation\githubrepository\distcommsys\server\release\win10\netdirectoryservercarry.obj
c:\workingstation\githubrepository\distcommsys\server\release\win10\netconfigserverimpl.obj
c:\workingstation\githubrepository\distcommsys\server\release\win10\netconfigserverdata.obj
c:\workingstation\githubrepository\distcommsys\server\release\win10\netconfigservercarry.obj
c:\workingstation\githubrepository\distcommsys\release\win10\server.exe
c:\workingstation\githubrepository\distcommsys\release\win10\server.ipdb
c:\workingstation\githubrepository\distcommsys\release\win10\server.iobj
c:\workingstation\githubrepository\distcommsys\release\win10\server.pdb
c:\workingstation\githubrepository\distcommsys\server\release\win10\server.tlog\cl.command.1.tlog
c:\workingstation\githubrepository\distcommsys\server\release\win10\server.tlog\cl.read.1.tlog
c:\workingstation\githubrepository\distcommsys\server\release\win10\server.tlog\cl.write.1.tlog
c:\workingstation\githubrepository\distcommsys\server\release\win10\server.tlog\link.command.1.tlog
c:\workingstation\githubrepository\distcommsys\server\release\win10\server.tlog\link.read.1.tlog
c:\workingstation\githubrepository\distcommsys\server\release\win10\server.tlog\link.write.1.tlog
