c:\workingstation\githubrepository\distcommsys\grpc_generated\win10\filetran.pb.h
c:\workingstation\githubrepository\distcommsys\grpc_generated\win10\filetran.pb.cc
c:\workingstation\githubrepository\distcommsys\grpc_generated\win10\filetran.grpc.pb.h
c:\workingstation\githubrepository\distcommsys\grpc_generated\win10\filetran.grpc.pb.cc
c:\workingstation\githubrepository\distcommsys\grpc_generated\win10\metadata.pb.h
c:\workingstation\githubrepository\distcommsys\grpc_generated\win10\metadata.pb.cc
c:\workingstation\githubrepository\distcommsys\grpc_generated\win10\metadata.grpc.pb.h
c:\workingstation\githubrepository\distcommsys\grpc_generated\win10\metadata.grpc.pb.cc
c:\workingstation\githubrepository\distcommsys\grpc_generated\win10\msgtran.pb.h
c:\workingstation\githubrepository\distcommsys\grpc_generated\win10\msgtran.pb.cc
c:\workingstation\githubrepository\distcommsys\grpc_generated\win10\msgtran.grpc.pb.h
c:\workingstation\githubrepository\distcommsys\grpc_generated\win10\msgtran.grpc.pb.cc
c:\workingstation\githubrepository\distcommsys\grpc_generated\win10\netconfig.pb.h
c:\workingstation\githubrepository\distcommsys\grpc_generated\win10\netconfig.pb.cc
c:\workingstation\githubrepository\distcommsys\grpc_generated\win10\netconfig.grpc.pb.h
c:\workingstation\githubrepository\distcommsys\grpc_generated\win10\netconfig.grpc.pb.cc
c:\workingstation\githubrepository\distcommsys\grpc_generated\win10\netdirectory.pb.h
c:\workingstation\githubrepository\distcommsys\grpc_generated\win10\netdirectory.pb.cc
c:\workingstation\githubrepository\distcommsys\grpc_generated\win10\netdirectory.grpc.pb.h
c:\workingstation\githubrepository\distcommsys\grpc_generated\win10\netdirectory.grpc.pb.cc
c:\workingstation\githubrepository\distcommsys\grpc_generated\win10\netwatermark.pb.h
c:\workingstation\githubrepository\distcommsys\grpc_generated\win10\netwatermark.pb.cc
c:\workingstation\githubrepository\distcommsys\grpc_generated\win10\netwatermark.grpc.pb.h
c:\workingstation\githubrepository\distcommsys\grpc_generated\win10\netwatermark.grpc.pb.cc
c:\workingstation\githubrepository\distcommsys\protobuilder\release\protobuilder.tlog\custombuild.command.1.tlog
c:\workingstation\githubrepository\distcommsys\protobuilder\release\protobuilder.tlog\custombuild.read.1.tlog
c:\workingstation\githubrepository\distcommsys\protobuilder\release\protobuilder.tlog\custombuild.write.1.tlog
