  FileTran.grpc.pb.cc
C:\WorkingStation\GitHubRepository\DistCommSys\grpc\Win10\include\google/protobuf/map_type_handler.h(474): warning C4800: “google::protobuf::uint32”: 将值强制为布尔值“true”或“false”(性能警告)
C:\WorkingStation\GitHubRepository\DistCommSys\grpc\Win10\include\grpcpp/impl/codegen/callback_common.h(112): warning C4800: “int”: 将值强制为布尔值“true”或“false”(性能警告)
C:\WorkingStation\GitHubRepository\DistCommSys\grpc\Win10\include\grpcpp/impl/codegen/callback_common.h(201): warning C4800: “int”: 将值强制为布尔值“true”或“false”(性能警告)
  FileTran.pb.cc
C:\WorkingStation\GitHubRepository\DistCommSys\grpc\Win10\include\google/protobuf/map_type_handler.h(474): warning C4800: “google::protobuf::uint32”: 将值强制为布尔值“true”或“false”(性能警告)
..\grpc_Generated\Win10\FileTran.pb.cc(1056): warning C4244: “=”: 从“google::protobuf::uint64”转换到“google::protobuf::int32”，可能丢失数据
..\grpc_Generated\Win10\FileTran.pb.cc(1392): warning C4244: “=”: 从“google::protobuf::uint64”转换到“google::protobuf::int32”，可能丢失数据
..\grpc_Generated\Win10\FileTran.pb.cc(1399): warning C4244: “=”: 从“google::protobuf::uint64”转换到“google::protobuf::int32”，可能丢失数据
..\grpc_Generated\Win10\FileTran.pb.cc(1746): warning C4244: “=”: 从“google::protobuf::uint64”转换到“google::protobuf::int32”，可能丢失数据
..\grpc_Generated\Win10\FileTran.pb.cc(2083): warning C4244: “=”: 从“google::protobuf::uint64”转换到“google::protobuf::int32”，可能丢失数据
..\grpc_Generated\Win10\FileTran.pb.cc(2090): warning C4244: “=”: 从“google::protobuf::uint64”转换到“google::protobuf::int32”，可能丢失数据
..\grpc_Generated\Win10\FileTran.pb.cc(2393): warning C4800: “google::protobuf::uint64”: 将值强制为布尔值“true”或“false”(性能警告)
..\grpc_Generated\Win10\FileTran.pb.cc(2691): warning C4244: “=”: 从“google::protobuf::uint64”转换到“google::protobuf::int32”，可能丢失数据
..\grpc_Generated\Win10\FileTran.pb.cc(3010): warning C4800: “google::protobuf::uint64”: 将值强制为布尔值“true”或“false”(性能警告)
..\grpc_Generated\Win10\FileTran.pb.cc(3342): warning C4244: “=”: 从“google::protobuf::uint64”转换到“google::protobuf::int32”，可能丢失数据
..\grpc_Generated\Win10\FileTran.pb.cc(3930): warning C4244: “=”: 从“google::protobuf::uint64”转换到“google::protobuf::int32”，可能丢失数据
..\grpc_Generated\Win10\FileTran.pb.cc(4233): warning C4244: “=”: 从“google::protobuf::uint64”转换到“google::protobuf::int32”，可能丢失数据
..\grpc_Generated\Win10\FileTran.pb.cc(4550): warning C4244: “=”: 从“google::protobuf::uint64”转换到“google::protobuf::int32”，可能丢失数据
..\grpc_Generated\Win10\FileTran.pb.cc(4788): warning C4800: “google::protobuf::uint64”: 将值强制为布尔值“true”或“false”(性能警告)
..\grpc_Generated\Win10\FileTran.pb.cc(5032): warning C4244: “=”: 从“google::protobuf::uint64”转换到“google::protobuf::int32”，可能丢失数据
..\grpc_Generated\Win10\FileTran.pb.cc(5510): warning C4244: “=”: 从“google::protobuf::uint64”转换到“google::protobuf::int32”，可能丢失数据
..\grpc_Generated\Win10\FileTran.pb.cc(5517): warning C4244: “=”: 从“google::protobuf::uint64”转换到“google::protobuf::int32”，可能丢失数据
..\grpc_Generated\Win10\FileTran.pb.cc(5802): warning C4244: “=”: 从“google::protobuf::uint64”转换到“google::protobuf::int32”，可能丢失数据
..\grpc_Generated\Win10\FileTran.pb.cc(6102): warning C4244: “=”: 从“google::protobuf::uint64”转换到“google::protobuf::int32”，可能丢失数据
..\grpc_Generated\Win10\FileTran.pb.cc(6661): warning C4244: “=”: 从“google::protobuf::uint64”转换到“google::protobuf::int32”，可能丢失数据
..\grpc_Generated\Win10\FileTran.pb.cc(6668): warning C4244: “=”: 从“google::protobuf::uint64”转换到“google::protobuf::int32”，可能丢失数据
..\grpc_Generated\Win10\FileTran.pb.cc(7161): warning C4244: “=”: 从“google::protobuf::uint64”转换到“google::protobuf::int32”，可能丢失数据
..\grpc_Generated\Win10\FileTran.pb.cc(7381): warning C4800: “google::protobuf::uint64”: 将值强制为布尔值“true”或“false”(性能警告)
..\grpc_Generated\Win10\FileTran.pb.cc(7609): warning C4244: “=”: 从“google::protobuf::uint64”转换到“google::protobuf::int32”，可能丢失数据
..\grpc_Generated\Win10\FileTran.pb.cc(8100): warning C4244: “=”: 从“google::protobuf::uint64”转换到“google::protobuf::int32”，可能丢失数据
  Metadata.grpc.pb.cc
C:\WorkingStation\GitHubRepository\DistCommSys\grpc\Win10\include\google/protobuf/map_type_handler.h(474): warning C4800: “google::protobuf::uint32”: 将值强制为布尔值“true”或“false”(性能警告)
C:\WorkingStation\GitHubRepository\DistCommSys\grpc\Win10\include\grpcpp/impl/codegen/callback_common.h(112): warning C4800: “int”: 将值强制为布尔值“true”或“false”(性能警告)
C:\WorkingStation\GitHubRepository\DistCommSys\grpc\Win10\include\grpcpp/impl/codegen/callback_common.h(201): warning C4800: “int”: 将值强制为布尔值“true”或“false”(性能警告)
  Metadata.pb.cc
C:\WorkingStation\GitHubRepository\DistCommSys\grpc\Win10\include\google/protobuf/map_type_handler.h(474): warning C4800: “google::protobuf::uint32”: 将值强制为布尔值“true”或“false”(性能警告)
..\grpc_Generated\Win10\Metadata.pb.cc(453): warning C4244: “=”: 从“google::protobuf::uint64”转换到“google::protobuf::int32”，可能丢失数据
..\grpc_Generated\Win10\Metadata.pb.cc(468): warning C4244: “=”: 从“google::protobuf::uint64”转换到“google::protobuf::int32”，可能丢失数据
..\grpc_Generated\Win10\Metadata.pb.cc(475): warning C4244: “=”: 从“google::protobuf::uint64”转换到“google::protobuf::int32”，可能丢失数据
..\grpc_Generated\Win10\Metadata.pb.cc(482): warning C4244: “=”: 从“google::protobuf::uint64”转换到“google::protobuf::int32”，可能丢失数据
..\grpc_Generated\Win10\Metadata.pb.cc(489): warning C4244: “=”: 从“google::protobuf::uint64”转换到“google::protobuf::int32”，可能丢失数据
..\grpc_Generated\Win10\Metadata.pb.cc(496): warning C4244: “=”: 从“google::protobuf::uint64”转换到“google::protobuf::int32”，可能丢失数据
..\grpc_Generated\Win10\Metadata.pb.cc(1036): warning C4244: “=”: 从“google::protobuf::uint64”转换到“google::protobuf::int32”，可能丢失数据
..\grpc_Generated\Win10\Metadata.pb.cc(1285): warning C4244: “=”: 从“google::protobuf::uint64”转换到“google::protobuf::int32”，可能丢失数据
..\grpc_Generated\Win10\Metadata.pb.cc(1292): warning C4244: “=”: 从“google::protobuf::uint64”转换到“google::protobuf::int32”，可能丢失数据
..\grpc_Generated\Win10\Metadata.pb.cc(1299): warning C4800: “google::protobuf::uint64”: 将值强制为布尔值“true”或“false”(性能警告)
..\grpc_Generated\Win10\Metadata.pb.cc(1571): warning C4244: “=”: 从“google::protobuf::uint64”转换到“google::protobuf::int32”，可能丢失数据
..\grpc_Generated\Win10\Metadata.pb.cc(1578): warning C4244: “=”: 从“google::protobuf::uint64”转换到“google::protobuf::int32”，可能丢失数据
..\grpc_Generated\Win10\Metadata.pb.cc(1585): warning C4800: “google::protobuf::uint64”: 将值强制为布尔值“true”或“false”(性能警告)
..\grpc_Generated\Win10\Metadata.pb.cc(1857): warning C4800: “google::protobuf::uint64”: 将值强制为布尔值“true”或“false”(性能警告)
..\grpc_Generated\Win10\Metadata.pb.cc(1864): warning C4244: “=”: 从“google::protobuf::uint64”转换到“google::protobuf::int32”，可能丢失数据
..\grpc_Generated\Win10\Metadata.pb.cc(1871): warning C4244: “=”: 从“google::protobuf::uint64”转换到“google::protobuf::int32”，可能丢失数据
..\grpc_Generated\Win10\Metadata.pb.cc(2382): warning C4244: “=”: 从“google::protobuf::uint64”转换到“google::protobuf::int32”，可能丢失数据
..\grpc_Generated\Win10\Metadata.pb.cc(2389): warning C4244: “=”: 从“google::protobuf::uint64”转换到“google::protobuf::int32”，可能丢失数据
..\grpc_Generated\Win10\Metadata.pb.cc(2396): warning C4244: “=”: 从“google::protobuf::uint64”转换到“google::protobuf::int32”，可能丢失数据
..\grpc_Generated\Win10\Metadata.pb.cc(2709): warning C4800: “google::protobuf::uint64”: 将值强制为布尔值“true”或“false”(性能警告)
..\grpc_Generated\Win10\Metadata.pb.cc(2931): warning C4244: “=”: 从“google::protobuf::uint64”转换到“google::protobuf::int32”，可能丢失数据
  MsgTran.grpc.pb.cc
C:\WorkingStation\GitHubRepository\DistCommSys\grpc\Win10\include\google/protobuf/map_type_handler.h(474): warning C4800: “google::protobuf::uint32”: 将值强制为布尔值“true”或“false”(性能警告)
C:\WorkingStation\GitHubRepository\DistCommSys\grpc\Win10\include\grpcpp/impl/codegen/callback_common.h(112): warning C4800: “int”: 将值强制为布尔值“true”或“false”(性能警告)
C:\WorkingStation\GitHubRepository\DistCommSys\grpc\Win10\include\grpcpp/impl/codegen/callback_common.h(201): warning C4800: “int”: 将值强制为布尔值“true”或“false”(性能警告)
  MsgTran.pb.cc
C:\WorkingStation\GitHubRepository\DistCommSys\grpc\Win10\include\google/protobuf/map_type_handler.h(474): warning C4800: “google::protobuf::uint32”: 将值强制为布尔值“true”或“false”(性能警告)
..\grpc_Generated\Win10\MsgTran.pb.cc(577): warning C4244: “=”: 从“google::protobuf::uint64”转换到“google::protobuf::int32”，可能丢失数据
..\grpc_Generated\Win10\MsgTran.pb.cc(1104): warning C4244: “=”: 从“google::protobuf::uint64”转换到“google::protobuf::int32”，可能丢失数据
  NetConfig.grpc.pb.cc
C:\WorkingStation\GitHubRepository\DistCommSys\grpc\Win10\include\google/protobuf/map_type_handler.h(474): warning C4800: “google::protobuf::uint32”: 将值强制为布尔值“true”或“false”(性能警告)
C:\WorkingStation\GitHubRepository\DistCommSys\grpc\Win10\include\grpcpp/impl/codegen/callback_common.h(112): warning C4800: “int”: 将值强制为布尔值“true”或“false”(性能警告)
C:\WorkingStation\GitHubRepository\DistCommSys\grpc\Win10\include\grpcpp/impl/codegen/callback_common.h(201): warning C4800: “int”: 将值强制为布尔值“true”或“false”(性能警告)
  NetConfig.pb.cc
C:\WorkingStation\GitHubRepository\DistCommSys\grpc\Win10\include\google/protobuf/map_type_handler.h(474): warning C4800: “google::protobuf::uint32”: 将值强制为布尔值“true”或“false”(性能警告)
..\grpc_Generated\Win10\NetConfig.pb.cc(542): warning C4244: “=”: 从“google::protobuf::uint64”转换到“google::protobuf::int32”，可能丢失数据
..\grpc_Generated\Win10\NetConfig.pb.cc(1084): warning C4244: “=”: 从“google::protobuf::uint64”转换到“google::protobuf::int32”，可能丢失数据
  NetDirectory.grpc.pb.cc
C:\WorkingStation\GitHubRepository\DistCommSys\grpc\Win10\include\google/protobuf/map_type_handler.h(474): warning C4800: “google::protobuf::uint32”: 将值强制为布尔值“true”或“false”(性能警告)
C:\WorkingStation\GitHubRepository\DistCommSys\grpc\Win10\include\grpcpp/impl/codegen/callback_common.h(112): warning C4800: “int”: 将值强制为布尔值“true”或“false”(性能警告)
C:\WorkingStation\GitHubRepository\DistCommSys\grpc\Win10\include\grpcpp/impl/codegen/callback_common.h(201): warning C4800: “int”: 将值强制为布尔值“true”或“false”(性能警告)
  NetDirectory.pb.cc
C:\WorkingStation\GitHubRepository\DistCommSys\grpc\Win10\include\google/protobuf/map_type_handler.h(474): warning C4800: “google::protobuf::uint32”: 将值强制为布尔值“true”或“false”(性能警告)
..\grpc_Generated\Win10\NetDirectory.pb.cc(481): warning C4244: “=”: 从“google::protobuf::uint64”转换到“google::protobuf::int32”，可能丢失数据
..\grpc_Generated\Win10\NetDirectory.pb.cc(816): warning C4244: “=”: 从“google::protobuf::uint64”转换到“google::protobuf::int32”，可能丢失数据
..\grpc_Generated\Win10\NetDirectory.pb.cc(1138): warning C4244: “=”: 从“google::protobuf::uint64”转换到“google::protobuf::int32”，可能丢失数据
..\grpc_Generated\Win10\NetDirectory.pb.cc(1473): warning C4244: “=”: 从“google::protobuf::uint64”转换到“google::protobuf::int32”，可能丢失数据
..\grpc_Generated\Win10\NetDirectory.pb.cc(1763): warning C4244: “=”: 从“google::protobuf::uint64”转换到“google::protobuf::int32”，可能丢失数据
..\grpc_Generated\Win10\NetDirectory.pb.cc(2045): warning C4244: “=”: 从“google::protobuf::uint64”转换到“google::protobuf::int32”，可能丢失数据
..\grpc_Generated\Win10\NetDirectory.pb.cc(2317): warning C4244: “=”: 从“google::protobuf::uint64”转换到“google::protobuf::int32”，可能丢失数据
..\grpc_Generated\Win10\NetDirectory.pb.cc(2599): warning C4244: “=”: 从“google::protobuf::uint64”转换到“google::protobuf::int32”，可能丢失数据
  NetWaterMark.grpc.pb.cc
C:\WorkingStation\GitHubRepository\DistCommSys\grpc\Win10\include\google/protobuf/map_type_handler.h(474): warning C4800: “google::protobuf::uint32”: 将值强制为布尔值“true”或“false”(性能警告)
C:\WorkingStation\GitHubRepository\DistCommSys\grpc\Win10\include\grpcpp/impl/codegen/callback_common.h(112): warning C4800: “int”: 将值强制为布尔值“true”或“false”(性能警告)
C:\WorkingStation\GitHubRepository\DistCommSys\grpc\Win10\include\grpcpp/impl/codegen/callback_common.h(201): warning C4800: “int”: 将值强制为布尔值“true”或“false”(性能警告)
  NetWaterMark.pb.cc
C:\WorkingStation\GitHubRepository\DistCommSys\grpc\Win10\include\google/protobuf/map_type_handler.h(474): warning C4800: “google::protobuf::uint32”: 将值强制为布尔值“true”或“false”(性能警告)
..\grpc_Generated\Win10\NetWaterMark.pb.cc(1001): warning C4244: “=”: 从“google::protobuf::uint64”转换到“google::protobuf::int32”，可能丢失数据
..\grpc_Generated\Win10\NetWaterMark.pb.cc(1572): warning C4244: “=”: 从“google::protobuf::uint64”转换到“google::protobuf::int32”，可能丢失数据
..\grpc_Generated\Win10\NetWaterMark.pb.cc(2144): warning C4244: “=”: 从“google::protobuf::uint64”转换到“google::protobuf::int32”，可能丢失数据
..\grpc_Generated\Win10\NetWaterMark.pb.cc(2699): warning C4244: “=”: 从“google::protobuf::uint64”转换到“google::protobuf::int32”，可能丢失数据
..\grpc_Generated\Win10\NetWaterMark.pb.cc(3287): warning C4244: “=”: 从“google::protobuf::uint64”转换到“google::protobuf::int32”，可能丢失数据
..\grpc_Generated\Win10\NetWaterMark.pb.cc(3586): warning C4244: “=”: 从“google::protobuf::uint64”转换到“google::protobuf::int32”，可能丢失数据
..\grpc_Generated\Win10\NetWaterMark.pb.cc(3601): warning C4800: “google::protobuf::uint64”: 将值强制为布尔值“true”或“false”(性能警告)
..\grpc_Generated\Win10\NetWaterMark.pb.cc(3932): warning C4244: “=”: 从“google::protobuf::uint64”转换到“google::protobuf::int32”，可能丢失数据
..\grpc_Generated\Win10\NetWaterMark.pb.cc(4407): warning C4244: “=”: 从“google::protobuf::uint64”转换到“google::protobuf::int32”，可能丢失数据
..\grpc_Generated\Win10\NetWaterMark.pb.cc(4864): warning C4244: “=”: 从“google::protobuf::uint64”转换到“google::protobuf::int32”，可能丢失数据
  FileTranClientCarry.cpp
C:\WorkingStation\GitHubRepository\DistCommSys\grpc\Win10\include\google/protobuf/map_type_handler.h(474): warning C4800: “google::protobuf::uint32”: 将值强制为布尔值“true”或“false”(性能警告)
C:\WorkingStation\GitHubRepository\DistCommSys\grpc\Win10\include\grpcpp/impl/codegen/callback_common.h(112): warning C4800: “int”: 将值强制为布尔值“true”或“false”(性能警告)
C:\WorkingStation\GitHubRepository\DistCommSys\grpc\Win10\include\grpcpp/impl/codegen/callback_common.h(201): warning C4800: “int”: 将值强制为布尔值“true”或“false”(性能警告)
  FileTranClientData.cpp
C:\WorkingStation\GitHubRepository\DistCommSys\grpc\Win10\include\google/protobuf/map_type_handler.h(474): warning C4800: “google::protobuf::uint32”: 将值强制为布尔值“true”或“false”(性能警告)
C:\WorkingStation\GitHubRepository\DistCommSys\grpc\Win10\include\grpcpp/impl/codegen/callback_common.h(112): warning C4800: “int”: 将值强制为布尔值“true”或“false”(性能警告)
C:\WorkingStation\GitHubRepository\DistCommSys\grpc\Win10\include\grpcpp/impl/codegen/callback_common.h(201): warning C4800: “int”: 将值强制为布尔值“true”或“false”(性能警告)
  GRPCClient.cpp
C:\WorkingStation\GitHubRepository\DistCommSys\grpc\Win10\include\grpcpp/impl/codegen/callback_common.h(112): warning C4800: “int”: 将值强制为布尔值“true”或“false”(性能警告)
C:\WorkingStation\GitHubRepository\DistCommSys\grpc\Win10\include\grpcpp/impl/codegen/callback_common.h(201): warning C4800: “int”: 将值强制为布尔值“true”或“false”(性能警告)
C:\WorkingStation\GitHubRepository\DistCommSys\grpc\Win10\include\google/protobuf/map_type_handler.h(474): warning C4800: “google::protobuf::uint32”: 将值强制为布尔值“true”或“false”(性能警告)
  MsgTranClientCarry.cpp
C:\WorkingStation\GitHubRepository\DistCommSys\grpc\Win10\include\google/protobuf/map_type_handler.h(474): warning C4800: “google::protobuf::uint32”: 将值强制为布尔值“true”或“false”(性能警告)
C:\WorkingStation\GitHubRepository\DistCommSys\grpc\Win10\include\grpcpp/impl/codegen/callback_common.h(112): warning C4800: “int”: 将值强制为布尔值“true”或“false”(性能警告)
C:\WorkingStation\GitHubRepository\DistCommSys\grpc\Win10\include\grpcpp/impl/codegen/callback_common.h(201): warning C4800: “int”: 将值强制为布尔值“true”或“false”(性能警告)
  MsgTranClientData.cpp
C:\WorkingStation\GitHubRepository\DistCommSys\grpc\Win10\include\google/protobuf/map_type_handler.h(474): warning C4800: “google::protobuf::uint32”: 将值强制为布尔值“true”或“false”(性能警告)
C:\WorkingStation\GitHubRepository\DistCommSys\grpc\Win10\include\grpcpp/impl/codegen/callback_common.h(112): warning C4800: “int”: 将值强制为布尔值“true”或“false”(性能警告)
C:\WorkingStation\GitHubRepository\DistCommSys\grpc\Win10\include\grpcpp/impl/codegen/callback_common.h(201): warning C4800: “int”: 将值强制为布尔值“true”或“false”(性能警告)
  NetConfigClientCarry.cpp
C:\WorkingStation\GitHubRepository\DistCommSys\grpc\Win10\include\google/protobuf/map_type_handler.h(474): warning C4800: “google::protobuf::uint32”: 将值强制为布尔值“true”或“false”(性能警告)
C:\WorkingStation\GitHubRepository\DistCommSys\grpc\Win10\include\grpcpp/impl/codegen/callback_common.h(112): warning C4800: “int”: 将值强制为布尔值“true”或“false”(性能警告)
C:\WorkingStation\GitHubRepository\DistCommSys\grpc\Win10\include\grpcpp/impl/codegen/callback_common.h(201): warning C4800: “int”: 将值强制为布尔值“true”或“false”(性能警告)
  NetConfigClientData.cpp
C:\WorkingStation\GitHubRepository\DistCommSys\grpc\Win10\include\google/protobuf/map_type_handler.h(474): warning C4800: “google::protobuf::uint32”: 将值强制为布尔值“true”或“false”(性能警告)
C:\WorkingStation\GitHubRepository\DistCommSys\grpc\Win10\include\grpcpp/impl/codegen/callback_common.h(112): warning C4800: “int”: 将值强制为布尔值“true”或“false”(性能警告)
C:\WorkingStation\GitHubRepository\DistCommSys\grpc\Win10\include\grpcpp/impl/codegen/callback_common.h(201): warning C4800: “int”: 将值强制为布尔值“true”或“false”(性能警告)
  NetDirectoryClientCarry.cpp
C:\WorkingStation\GitHubRepository\DistCommSys\grpc\Win10\include\google/protobuf/map_type_handler.h(474): warning C4800: “google::protobuf::uint32”: 将值强制为布尔值“true”或“false”(性能警告)
C:\WorkingStation\GitHubRepository\DistCommSys\grpc\Win10\include\grpcpp/impl/codegen/callback_common.h(112): warning C4800: “int”: 将值强制为布尔值“true”或“false”(性能警告)
C:\WorkingStation\GitHubRepository\DistCommSys\grpc\Win10\include\grpcpp/impl/codegen/callback_common.h(201): warning C4800: “int”: 将值强制为布尔值“true”或“false”(性能警告)
  正在编译...
  NetDirectoryClientData.cpp
C:\WorkingStation\GitHubRepository\DistCommSys\grpc\Win10\include\google/protobuf/map_type_handler.h(474): warning C4800: “google::protobuf::uint32”: 将值强制为布尔值“true”或“false”(性能警告)
C:\WorkingStation\GitHubRepository\DistCommSys\grpc\Win10\include\grpcpp/impl/codegen/callback_common.h(112): warning C4800: “int”: 将值强制为布尔值“true”或“false”(性能警告)
C:\WorkingStation\GitHubRepository\DistCommSys\grpc\Win10\include\grpcpp/impl/codegen/callback_common.h(201): warning C4800: “int”: 将值强制为布尔值“true”或“false”(性能警告)
  NetWaterMarkClientCarry.cpp
C:\WorkingStation\GitHubRepository\DistCommSys\grpc\Win10\include\google/protobuf/map_type_handler.h(474): warning C4800: “google::protobuf::uint32”: 将值强制为布尔值“true”或“false”(性能警告)
C:\WorkingStation\GitHubRepository\DistCommSys\grpc\Win10\include\grpcpp/impl/codegen/callback_common.h(112): warning C4800: “int”: 将值强制为布尔值“true”或“false”(性能警告)
C:\WorkingStation\GitHubRepository\DistCommSys\grpc\Win10\include\grpcpp/impl/codegen/callback_common.h(201): warning C4800: “int”: 将值强制为布尔值“true”或“false”(性能警告)
  NetWaterMarkClientData.cpp
C:\WorkingStation\GitHubRepository\DistCommSys\grpc\Win10\include\google/protobuf/map_type_handler.h(474): warning C4800: “google::protobuf::uint32”: 将值强制为布尔值“true”或“false”(性能警告)
C:\WorkingStation\GitHubRepository\DistCommSys\grpc\Win10\include\grpcpp/impl/codegen/callback_common.h(112): warning C4800: “int”: 将值强制为布尔值“true”或“false”(性能警告)
C:\WorkingStation\GitHubRepository\DistCommSys\grpc\Win10\include\grpcpp/impl/codegen/callback_common.h(201): warning C4800: “int”: 将值强制为布尔值“true”或“false”(性能警告)
  正在生成代码
  All 7898 functions were compiled because no usable IPDB/IOBJ from previous compilation was found.
  已完成代码的生成
  Client.vcxproj -> C:\WorkingStation\GitHubRepository\DistCommSys\Release\Client.exe
  Client.vcxproj -> C:\WorkingStation\GitHubRepository\DistCommSys\Release\Client.pdb (Full PDB)
