c:\workingstation\githubrepository\distcommsys\server\release\vc140.pdb
c:\workingstation\githubrepository\distcommsys\server\release\msgtranservercarry.obj
c:\workingstation\githubrepository\distcommsys\server\release\main.obj
c:\workingstation\githubrepository\distcommsys\server\release\filetranserverdata.obj
c:\workingstation\githubrepository\distcommsys\server\release\filetranservercarry.obj
c:\workingstation\githubrepository\distcommsys\server\release\netwatermark.pb.obj
c:\workingstation\githubrepository\distcommsys\server\release\netwatermark.grpc.pb.obj
c:\workingstation\githubrepository\distcommsys\server\release\netdirectory.pb.obj
c:\workingstation\githubrepository\distcommsys\server\release\netdirectory.grpc.pb.obj
c:\workingstation\githubrepository\distcommsys\server\release\netconfig.pb.obj
c:\workingstation\githubrepository\distcommsys\server\release\netconfig.grpc.pb.obj
c:\workingstation\githubrepository\distcommsys\server\release\msgtran.pb.obj
c:\workingstation\githubrepository\distcommsys\server\release\msgtran.grpc.pb.obj
c:\workingstation\githubrepository\distcommsys\server\release\metadata.pb.obj
c:\workingstation\githubrepository\distcommsys\server\release\metadata.grpc.pb.obj
c:\workingstation\githubrepository\distcommsys\server\release\filetran.pb.obj
c:\workingstation\githubrepository\distcommsys\server\release\filetran.grpc.pb.obj
c:\workingstation\githubrepository\distcommsys\server\release\netwatermarkserverdata.obj
c:\workingstation\githubrepository\distcommsys\server\release\netwatermarkservercarry.obj
c:\workingstation\githubrepository\distcommsys\server\release\netdirectoryserverdata.obj
c:\workingstation\githubrepository\distcommsys\server\release\netdirectoryservercarry.obj
c:\workingstation\githubrepository\distcommsys\server\release\netconfigserverdata.obj
c:\workingstation\githubrepository\distcommsys\server\release\netconfigservercarry.obj
c:\workingstation\githubrepository\distcommsys\server\release\server.tlog\cl.command.1.tlog
c:\workingstation\githubrepository\distcommsys\server\release\server.tlog\cl.read.1.tlog
c:\workingstation\githubrepository\distcommsys\server\release\server.tlog\cl.write.1.tlog
