  NetWaterMarkClientImpl.cpp
c:\workingstation\githubrepository\distcommsys\client\netwatermark\netwatermarkclientimpl.cpp(6): fatal error C1083: 无法打开包括文件: “Common/ExceptionError.h”: No such file or directory
  NetWaterMarkClientData.cpp
c:\workingstation\githubrepository\distcommsys\grpc\win10\include\google\protobuf\map_type_handler.h(474): warning C4800: “google::protobuf::uint32”: 将值强制为布尔值“true”或“false”(性能警告)
c:\workingstation\githubrepository\distcommsys\grpc\win10\include\grpcpp\impl\codegen\callback_common.h(112): warning C4800: “int”: 将值强制为布尔值“true”或“false”(性能警告)
c:\workingstation\githubrepository\distcommsys\grpc\win10\include\grpcpp\impl\codegen\callback_common.h(201): warning C4800: “int”: 将值强制为布尔值“true”或“false”(性能警告)
  NetWaterMarkClientCarry.cpp
c:\workingstation\githubrepository\distcommsys\grpc\win10\include\google\protobuf\map_type_handler.h(474): warning C4800: “google::protobuf::uint32”: 将值强制为布尔值“true”或“false”(性能警告)
c:\workingstation\githubrepository\distcommsys\grpc\win10\include\grpcpp\impl\codegen\callback_common.h(112): warning C4800: “int”: 将值强制为布尔值“true”或“false”(性能警告)
c:\workingstation\githubrepository\distcommsys\grpc\win10\include\grpcpp\impl\codegen\callback_common.h(201): warning C4800: “int”: 将值强制为布尔值“true”或“false”(性能警告)
  NetDirectoryClientImpl.cpp
c:\workingstation\githubrepository\distcommsys\client\netdirectory\netdirectoryclientimpl.cpp(6): fatal error C1083: 无法打开包括文件: “Common/ExceptionError.h”: No such file or directory
  NetDirectoryClientData.cpp
c:\workingstation\githubrepository\distcommsys\grpc\win10\include\google\protobuf\map_type_handler.h(474): warning C4800: “google::protobuf::uint32”: 将值强制为布尔值“true”或“false”(性能警告)
c:\workingstation\githubrepository\distcommsys\grpc\win10\include\grpcpp\impl\codegen\callback_common.h(112): warning C4800: “int”: 将值强制为布尔值“true”或“false”(性能警告)
c:\workingstation\githubrepository\distcommsys\grpc\win10\include\grpcpp\impl\codegen\callback_common.h(201): warning C4800: “int”: 将值强制为布尔值“true”或“false”(性能警告)
  NetDirectoryClientCarry.cpp
c:\workingstation\githubrepository\distcommsys\grpc\win10\include\google\protobuf\map_type_handler.h(474): warning C4800: “google::protobuf::uint32”: 将值强制为布尔值“true”或“false”(性能警告)
c:\workingstation\githubrepository\distcommsys\grpc\win10\include\grpcpp\impl\codegen\callback_common.h(112): warning C4800: “int”: 将值强制为布尔值“true”或“false”(性能警告)
c:\workingstation\githubrepository\distcommsys\grpc\win10\include\grpcpp\impl\codegen\callback_common.h(201): warning C4800: “int”: 将值强制为布尔值“true”或“false”(性能警告)
  NetConfigClientImpl.cpp
c:\workingstation\githubrepository\distcommsys\client\netconfig\netconfigclientimpl.cpp(6): fatal error C1083: 无法打开包括文件: “Common/ExceptionError.h”: No such file or directory
  NetConfigClientData.cpp
c:\workingstation\githubrepository\distcommsys\grpc\win10\include\google\protobuf\map_type_handler.h(474): warning C4800: “google::protobuf::uint32”: 将值强制为布尔值“true”或“false”(性能警告)
c:\workingstation\githubrepository\distcommsys\grpc\win10\include\grpcpp\impl\codegen\callback_common.h(112): warning C4800: “int”: 将值强制为布尔值“true”或“false”(性能警告)
c:\workingstation\githubrepository\distcommsys\grpc\win10\include\grpcpp\impl\codegen\callback_common.h(201): warning C4800: “int”: 将值强制为布尔值“true”或“false”(性能警告)
  NetConfigClientCarry.cpp
c:\workingstation\githubrepository\distcommsys\grpc\win10\include\google\protobuf\map_type_handler.h(474): warning C4800: “google::protobuf::uint32”: 将值强制为布尔值“true”或“false”(性能警告)
c:\workingstation\githubrepository\distcommsys\grpc\win10\include\grpcpp\impl\codegen\callback_common.h(112): warning C4800: “int”: 将值强制为布尔值“true”或“false”(性能警告)
c:\workingstation\githubrepository\distcommsys\grpc\win10\include\grpcpp\impl\codegen\callback_common.h(201): warning C4800: “int”: 将值强制为布尔值“true”或“false”(性能警告)
  MsgTranClientImpl.cpp
c:\workingstation\githubrepository\distcommsys\client\msgtran\msgtranclientimpl.cpp(6): fatal error C1083: 无法打开包括文件: “Common/ExceptionError.h”: No such file or directory
  MsgTranClientData.cpp
c:\workingstation\githubrepository\distcommsys\grpc\win10\include\google\protobuf\map_type_handler.h(474): warning C4800: “google::protobuf::uint32”: 将值强制为布尔值“true”或“false”(性能警告)
c:\workingstation\githubrepository\distcommsys\grpc\win10\include\grpcpp\impl\codegen\callback_common.h(112): warning C4800: “int”: 将值强制为布尔值“true”或“false”(性能警告)
c:\workingstation\githubrepository\distcommsys\grpc\win10\include\grpcpp\impl\codegen\callback_common.h(201): warning C4800: “int”: 将值强制为布尔值“true”或“false”(性能警告)
  MsgTranClientCarry.cpp
c:\workingstation\githubrepository\distcommsys\grpc\win10\include\google\protobuf\map_type_handler.h(474): warning C4800: “google::protobuf::uint32”: 将值强制为布尔值“true”或“false”(性能警告)
c:\workingstation\githubrepository\distcommsys\grpc\win10\include\grpcpp\impl\codegen\callback_common.h(112): warning C4800: “int”: 将值强制为布尔值“true”或“false”(性能警告)
c:\workingstation\githubrepository\distcommsys\grpc\win10\include\grpcpp\impl\codegen\callback_common.h(201): warning C4800: “int”: 将值强制为布尔值“true”或“false”(性能警告)
  main.cpp
c:\workingstation\githubrepository\distcommsys\client\main.cpp(3): fatal error C1083: 无法打开包括文件: “BaseDef.h”: No such file or directory
  GRPCClient.cpp
c:\workingstation\githubrepository\distcommsys\grpc\win10\include\grpcpp\impl\codegen\callback_common.h(112): warning C4800: “int”: 将值强制为布尔值“true”或“false”(性能警告)
c:\workingstation\githubrepository\distcommsys\grpc\win10\include\grpcpp\impl\codegen\callback_common.h(201): warning C4800: “int”: 将值强制为布尔值“true”或“false”(性能警告)
c:\workingstation\githubrepository\distcommsys\grpc\win10\include\google\protobuf\map_type_handler.h(474): warning C4800: “google::protobuf::uint32”: 将值强制为布尔值“true”或“false”(性能警告)
  GRPCChannel.cpp
c:\workingstation\githubrepository\distcommsys\grpc\win10\include\grpcpp\impl\codegen\callback_common.h(112): warning C4800: “int”: 将值强制为布尔值“true”或“false”(性能警告)
c:\workingstation\githubrepository\distcommsys\grpc\win10\include\grpcpp\impl\codegen\callback_common.h(201): warning C4800: “int”: 将值强制为布尔值“true”或“false”(性能警告)
c:\workingstation\githubrepository\distcommsys\client\grpcchannel.cpp(37): warning C4244: “参数”: 从“time_t”转换到“DWORD”，可能丢失数据
  FileTranClientImpl.cpp
c:\workingstation\githubrepository\distcommsys\client\filetran\filetranclientimpl.cpp(6): fatal error C1083: 无法打开包括文件: “Common/ExceptionError.h”: No such file or directory
  FileTranClientData.cpp
c:\workingstation\githubrepository\distcommsys\grpc\win10\include\google\protobuf\map_type_handler.h(474): warning C4800: “google::protobuf::uint32”: 将值强制为布尔值“true”或“false”(性能警告)
c:\workingstation\githubrepository\distcommsys\grpc\win10\include\grpcpp\impl\codegen\callback_common.h(112): warning C4800: “int”: 将值强制为布尔值“true”或“false”(性能警告)
c:\workingstation\githubrepository\distcommsys\grpc\win10\include\grpcpp\impl\codegen\callback_common.h(201): warning C4800: “int”: 将值强制为布尔值“true”或“false”(性能警告)
  FileTranClientCarry.cpp
c:\workingstation\githubrepository\distcommsys\grpc\win10\include\google\protobuf\map_type_handler.h(474): warning C4800: “google::protobuf::uint32”: 将值强制为布尔值“true”或“false”(性能警告)
c:\workingstation\githubrepository\distcommsys\grpc\win10\include\grpcpp\impl\codegen\callback_common.h(112): warning C4800: “int”: 将值强制为布尔值“true”或“false”(性能警告)
c:\workingstation\githubrepository\distcommsys\grpc\win10\include\grpcpp\impl\codegen\callback_common.h(201): warning C4800: “int”: 将值强制为布尔值“true”或“false”(性能警告)
  NetWaterMark.pb.cc
c:\workingstation\githubrepository\distcommsys\grpc\win10\include\google\protobuf\map_type_handler.h(474): warning C4800: “google::protobuf::uint32”: 将值强制为布尔值“true”或“false”(性能警告)
c:\workingstation\githubrepository\distcommsys\grpc_generated\win10\netwatermark.pb.cc(1001): warning C4244: “=”: 从“google::protobuf::uint64”转换到“google::protobuf::int32”，可能丢失数据
c:\workingstation\githubrepository\distcommsys\grpc_generated\win10\netwatermark.pb.cc(1572): warning C4244: “=”: 从“google::protobuf::uint64”转换到“google::protobuf::int32”，可能丢失数据
c:\workingstation\githubrepository\distcommsys\grpc_generated\win10\netwatermark.pb.cc(2144): warning C4244: “=”: 从“google::protobuf::uint64”转换到“google::protobuf::int32”，可能丢失数据
c:\workingstation\githubrepository\distcommsys\grpc_generated\win10\netwatermark.pb.cc(2699): warning C4244: “=”: 从“google::protobuf::uint64”转换到“google::protobuf::int32”，可能丢失数据
c:\workingstation\githubrepository\distcommsys\grpc_generated\win10\netwatermark.pb.cc(3287): warning C4244: “=”: 从“google::protobuf::uint64”转换到“google::protobuf::int32”，可能丢失数据
c:\workingstation\githubrepository\distcommsys\grpc_generated\win10\netwatermark.pb.cc(3586): warning C4244: “=”: 从“google::protobuf::uint64”转换到“google::protobuf::int32”，可能丢失数据
c:\workingstation\githubrepository\distcommsys\grpc_generated\win10\netwatermark.pb.cc(3601): warning C4800: “google::protobuf::uint64”: 将值强制为布尔值“true”或“false”(性能警告)
c:\workingstation\githubrepository\distcommsys\grpc_generated\win10\netwatermark.pb.cc(3932): warning C4244: “=”: 从“google::protobuf::uint64”转换到“google::protobuf::int32”，可能丢失数据
c:\workingstation\githubrepository\distcommsys\grpc_generated\win10\netwatermark.pb.cc(4407): warning C4244: “=”: 从“google::protobuf::uint64”转换到“google::protobuf::int32”，可能丢失数据
c:\workingstation\githubrepository\distcommsys\grpc_generated\win10\netwatermark.pb.cc(4864): warning C4244: “=”: 从“google::protobuf::uint64”转换到“google::protobuf::int32”，可能丢失数据
  NetWaterMark.grpc.pb.cc
c:\workingstation\githubrepository\distcommsys\grpc\win10\include\google\protobuf\map_type_handler.h(474): warning C4800: “google::protobuf::uint32”: 将值强制为布尔值“true”或“false”(性能警告)
c:\workingstation\githubrepository\distcommsys\grpc\win10\include\grpcpp\impl\codegen\callback_common.h(112): warning C4800: “int”: 将值强制为布尔值“true”或“false”(性能警告)
c:\workingstation\githubrepository\distcommsys\grpc\win10\include\grpcpp\impl\codegen\callback_common.h(201): warning C4800: “int”: 将值强制为布尔值“true”或“false”(性能警告)
  正在生成代码...
  正在编译...
  NetDirectory.pb.cc
c:\workingstation\githubrepository\distcommsys\grpc\win10\include\google\protobuf\map_type_handler.h(474): warning C4800: “google::protobuf::uint32”: 将值强制为布尔值“true”或“false”(性能警告)
c:\workingstation\githubrepository\distcommsys\grpc_generated\win10\netdirectory.pb.cc(481): warning C4244: “=”: 从“google::protobuf::uint64”转换到“google::protobuf::int32”，可能丢失数据
c:\workingstation\githubrepository\distcommsys\grpc_generated\win10\netdirectory.pb.cc(816): warning C4244: “=”: 从“google::protobuf::uint64”转换到“google::protobuf::int32”，可能丢失数据
c:\workingstation\githubrepository\distcommsys\grpc_generated\win10\netdirectory.pb.cc(1138): warning C4244: “=”: 从“google::protobuf::uint64”转换到“google::protobuf::int32”，可能丢失数据
c:\workingstation\githubrepository\distcommsys\grpc_generated\win10\netdirectory.pb.cc(1473): warning C4244: “=”: 从“google::protobuf::uint64”转换到“google::protobuf::int32”，可能丢失数据
c:\workingstation\githubrepository\distcommsys\grpc_generated\win10\netdirectory.pb.cc(1763): warning C4244: “=”: 从“google::protobuf::uint64”转换到“google::protobuf::int32”，可能丢失数据
c:\workingstation\githubrepository\distcommsys\grpc_generated\win10\netdirectory.pb.cc(2045): warning C4244: “=”: 从“google::protobuf::uint64”转换到“google::protobuf::int32”，可能丢失数据
c:\workingstation\githubrepository\distcommsys\grpc_generated\win10\netdirectory.pb.cc(2317): warning C4244: “=”: 从“google::protobuf::uint64”转换到“google::protobuf::int32”，可能丢失数据
c:\workingstation\githubrepository\distcommsys\grpc_generated\win10\netdirectory.pb.cc(2599): warning C4244: “=”: 从“google::protobuf::uint64”转换到“google::protobuf::int32”，可能丢失数据
  NetDirectory.grpc.pb.cc
c:\workingstation\githubrepository\distcommsys\grpc\win10\include\google\protobuf\map_type_handler.h(474): warning C4800: “google::protobuf::uint32”: 将值强制为布尔值“true”或“false”(性能警告)
c:\workingstation\githubrepository\distcommsys\grpc\win10\include\grpcpp\impl\codegen\callback_common.h(112): warning C4800: “int”: 将值强制为布尔值“true”或“false”(性能警告)
c:\workingstation\githubrepository\distcommsys\grpc\win10\include\grpcpp\impl\codegen\callback_common.h(201): warning C4800: “int”: 将值强制为布尔值“true”或“false”(性能警告)
  NetConfig.pb.cc
c:\workingstation\githubrepository\distcommsys\grpc\win10\include\google\protobuf\map_type_handler.h(474): warning C4800: “google::protobuf::uint32”: 将值强制为布尔值“true”或“false”(性能警告)
c:\workingstation\githubrepository\distcommsys\grpc_generated\win10\netconfig.pb.cc(542): warning C4244: “=”: 从“google::protobuf::uint64”转换到“google::protobuf::int32”，可能丢失数据
c:\workingstation\githubrepository\distcommsys\grpc_generated\win10\netconfig.pb.cc(1084): warning C4244: “=”: 从“google::protobuf::uint64”转换到“google::protobuf::int32”，可能丢失数据
  NetConfig.grpc.pb.cc
c:\workingstation\githubrepository\distcommsys\grpc\win10\include\google\protobuf\map_type_handler.h(474): warning C4800: “google::protobuf::uint32”: 将值强制为布尔值“true”或“false”(性能警告)
c:\workingstation\githubrepository\distcommsys\grpc\win10\include\grpcpp\impl\codegen\callback_common.h(112): warning C4800: “int”: 将值强制为布尔值“true”或“false”(性能警告)
c:\workingstation\githubrepository\distcommsys\grpc\win10\include\grpcpp\impl\codegen\callback_common.h(201): warning C4800: “int”: 将值强制为布尔值“true”或“false”(性能警告)
  MsgTran.pb.cc
c:\workingstation\githubrepository\distcommsys\grpc\win10\include\google\protobuf\map_type_handler.h(474): warning C4800: “google::protobuf::uint32”: 将值强制为布尔值“true”或“false”(性能警告)
c:\workingstation\githubrepository\distcommsys\grpc_generated\win10\msgtran.pb.cc(577): warning C4244: “=”: 从“google::protobuf::uint64”转换到“google::protobuf::int32”，可能丢失数据
c:\workingstation\githubrepository\distcommsys\grpc_generated\win10\msgtran.pb.cc(1104): warning C4244: “=”: 从“google::protobuf::uint64”转换到“google::protobuf::int32”，可能丢失数据
  MsgTran.grpc.pb.cc
c:\workingstation\githubrepository\distcommsys\grpc\win10\include\google\protobuf\map_type_handler.h(474): warning C4800: “google::protobuf::uint32”: 将值强制为布尔值“true”或“false”(性能警告)
c:\workingstation\githubrepository\distcommsys\grpc\win10\include\grpcpp\impl\codegen\callback_common.h(112): warning C4800: “int”: 将值强制为布尔值“true”或“false”(性能警告)
c:\workingstation\githubrepository\distcommsys\grpc\win10\include\grpcpp\impl\codegen\callback_common.h(201): warning C4800: “int”: 将值强制为布尔值“true”或“false”(性能警告)
  Metadata.pb.cc
c:\workingstation\githubrepository\distcommsys\grpc\win10\include\google\protobuf\map_type_handler.h(474): warning C4800: “google::protobuf::uint32”: 将值强制为布尔值“true”或“false”(性能警告)
c:\workingstation\githubrepository\distcommsys\grpc_generated\win10\metadata.pb.cc(453): warning C4244: “=”: 从“google::protobuf::uint64”转换到“google::protobuf::int32”，可能丢失数据
c:\workingstation\githubrepository\distcommsys\grpc_generated\win10\metadata.pb.cc(468): warning C4244: “=”: 从“google::protobuf::uint64”转换到“google::protobuf::int32”，可能丢失数据
c:\workingstation\githubrepository\distcommsys\grpc_generated\win10\metadata.pb.cc(475): warning C4244: “=”: 从“google::protobuf::uint64”转换到“google::protobuf::int32”，可能丢失数据
c:\workingstation\githubrepository\distcommsys\grpc_generated\win10\metadata.pb.cc(482): warning C4244: “=”: 从“google::protobuf::uint64”转换到“google::protobuf::int32”，可能丢失数据
c:\workingstation\githubrepository\distcommsys\grpc_generated\win10\metadata.pb.cc(489): warning C4244: “=”: 从“google::protobuf::uint64”转换到“google::protobuf::int32”，可能丢失数据
c:\workingstation\githubrepository\distcommsys\grpc_generated\win10\metadata.pb.cc(496): warning C4244: “=”: 从“google::protobuf::uint64”转换到“google::protobuf::int32”，可能丢失数据
c:\workingstation\githubrepository\distcommsys\grpc_generated\win10\metadata.pb.cc(1036): warning C4244: “=”: 从“google::protobuf::uint64”转换到“google::protobuf::int32”，可能丢失数据
c:\workingstation\githubrepository\distcommsys\grpc_generated\win10\metadata.pb.cc(1285): warning C4244: “=”: 从“google::protobuf::uint64”转换到“google::protobuf::int32”，可能丢失数据
c:\workingstation\githubrepository\distcommsys\grpc_generated\win10\metadata.pb.cc(1292): warning C4244: “=”: 从“google::protobuf::uint64”转换到“google::protobuf::int32”，可能丢失数据
c:\workingstation\githubrepository\distcommsys\grpc_generated\win10\metadata.pb.cc(1299): warning C4800: “google::protobuf::uint64”: 将值强制为布尔值“true”或“false”(性能警告)
c:\workingstation\githubrepository\distcommsys\grpc_generated\win10\metadata.pb.cc(1571): warning C4244: “=”: 从“google::protobuf::uint64”转换到“google::protobuf::int32”，可能丢失数据
c:\workingstation\githubrepository\distcommsys\grpc_generated\win10\metadata.pb.cc(1578): warning C4244: “=”: 从“google::protobuf::uint64”转换到“google::protobuf::int32”，可能丢失数据
c:\workingstation\githubrepository\distcommsys\grpc_generated\win10\metadata.pb.cc(1585): warning C4800: “google::protobuf::uint64”: 将值强制为布尔值“true”或“false”(性能警告)
c:\workingstation\githubrepository\distcommsys\grpc_generated\win10\metadata.pb.cc(1857): warning C4800: “google::protobuf::uint64”: 将值强制为布尔值“true”或“false”(性能警告)
c:\workingstation\githubrepository\distcommsys\grpc_generated\win10\metadata.pb.cc(1864): warning C4244: “=”: 从“google::protobuf::uint64”转换到“google::protobuf::int32”，可能丢失数据
c:\workingstation\githubrepository\distcommsys\grpc_generated\win10\metadata.pb.cc(1871): warning C4244: “=”: 从“google::protobuf::uint64”转换到“google::protobuf::int32”，可能丢失数据
c:\workingstation\githubrepository\distcommsys\grpc_generated\win10\metadata.pb.cc(2382): warning C4244: “=”: 从“google::protobuf::uint64”转换到“google::protobuf::int32”，可能丢失数据
c:\workingstation\githubrepository\distcommsys\grpc_generated\win10\metadata.pb.cc(2389): warning C4244: “=”: 从“google::protobuf::uint64”转换到“google::protobuf::int32”，可能丢失数据
c:\workingstation\githubrepository\distcommsys\grpc_generated\win10\metadata.pb.cc(2396): warning C4244: “=”: 从“google::protobuf::uint64”转换到“google::protobuf::int32”，可能丢失数据
c:\workingstation\githubrepository\distcommsys\grpc_generated\win10\metadata.pb.cc(2709): warning C4800: “google::protobuf::uint64”: 将值强制为布尔值“true”或“false”(性能警告)
c:\workingstation\githubrepository\distcommsys\grpc_generated\win10\metadata.pb.cc(2931): warning C4244: “=”: 从“google::protobuf::uint64”转换到“google::protobuf::int32”，可能丢失数据
  Metadata.grpc.pb.cc
c:\workingstation\githubrepository\distcommsys\grpc\win10\include\google\protobuf\map_type_handler.h(474): warning C4800: “google::protobuf::uint32”: 将值强制为布尔值“true”或“false”(性能警告)
c:\workingstation\githubrepository\distcommsys\grpc\win10\include\grpcpp\impl\codegen\callback_common.h(112): warning C4800: “int”: 将值强制为布尔值“true”或“false”(性能警告)
c:\workingstation\githubrepository\distcommsys\grpc\win10\include\grpcpp\impl\codegen\callback_common.h(201): warning C4800: “int”: 将值强制为布尔值“true”或“false”(性能警告)
  FileTran.pb.cc
c:\workingstation\githubrepository\distcommsys\grpc\win10\include\google\protobuf\map_type_handler.h(474): warning C4800: “google::protobuf::uint32”: 将值强制为布尔值“true”或“false”(性能警告)
c:\workingstation\githubrepository\distcommsys\grpc_generated\win10\filetran.pb.cc(1056): warning C4244: “=”: 从“google::protobuf::uint64”转换到“google::protobuf::int32”，可能丢失数据
c:\workingstation\githubrepository\distcommsys\grpc_generated\win10\filetran.pb.cc(1392): warning C4244: “=”: 从“google::protobuf::uint64”转换到“google::protobuf::int32”，可能丢失数据
c:\workingstation\githubrepository\distcommsys\grpc_generated\win10\filetran.pb.cc(1399): warning C4244: “=”: 从“google::protobuf::uint64”转换到“google::protobuf::int32”，可能丢失数据
c:\workingstation\githubrepository\distcommsys\grpc_generated\win10\filetran.pb.cc(1746): warning C4244: “=”: 从“google::protobuf::uint64”转换到“google::protobuf::int32”，可能丢失数据
c:\workingstation\githubrepository\distcommsys\grpc_generated\win10\filetran.pb.cc(2083): warning C4244: “=”: 从“google::protobuf::uint64”转换到“google::protobuf::int32”，可能丢失数据
c:\workingstation\githubrepository\distcommsys\grpc_generated\win10\filetran.pb.cc(2090): warning C4244: “=”: 从“google::protobuf::uint64”转换到“google::protobuf::int32”，可能丢失数据
c:\workingstation\githubrepository\distcommsys\grpc_generated\win10\filetran.pb.cc(2393): warning C4800: “google::protobuf::uint64”: 将值强制为布尔值“true”或“false”(性能警告)
c:\workingstation\githubrepository\distcommsys\grpc_generated\win10\filetran.pb.cc(2691): warning C4244: “=”: 从“google::protobuf::uint64”转换到“google::protobuf::int32”，可能丢失数据
c:\workingstation\githubrepository\distcommsys\grpc_generated\win10\filetran.pb.cc(3010): warning C4800: “google::protobuf::uint64”: 将值强制为布尔值“true”或“false”(性能警告)
c:\workingstation\githubrepository\distcommsys\grpc_generated\win10\filetran.pb.cc(3342): warning C4244: “=”: 从“google::protobuf::uint64”转换到“google::protobuf::int32”，可能丢失数据
c:\workingstation\githubrepository\distcommsys\grpc_generated\win10\filetran.pb.cc(3930): warning C4244: “=”: 从“google::protobuf::uint64”转换到“google::protobuf::int32”，可能丢失数据
c:\workingstation\githubrepository\distcommsys\grpc_generated\win10\filetran.pb.cc(4233): warning C4244: “=”: 从“google::protobuf::uint64”转换到“google::protobuf::int32”，可能丢失数据
c:\workingstation\githubrepository\distcommsys\grpc_generated\win10\filetran.pb.cc(4550): warning C4244: “=”: 从“google::protobuf::uint64”转换到“google::protobuf::int32”，可能丢失数据
c:\workingstation\githubrepository\distcommsys\grpc_generated\win10\filetran.pb.cc(4788): warning C4800: “google::protobuf::uint64”: 将值强制为布尔值“true”或“false”(性能警告)
c:\workingstation\githubrepository\distcommsys\grpc_generated\win10\filetran.pb.cc(5032): warning C4244: “=”: 从“google::protobuf::uint64”转换到“google::protobuf::int32”，可能丢失数据
c:\workingstation\githubrepository\distcommsys\grpc_generated\win10\filetran.pb.cc(5510): warning C4244: “=”: 从“google::protobuf::uint64”转换到“google::protobuf::int32”，可能丢失数据
c:\workingstation\githubrepository\distcommsys\grpc_generated\win10\filetran.pb.cc(5517): warning C4244: “=”: 从“google::protobuf::uint64”转换到“google::protobuf::int32”，可能丢失数据
c:\workingstation\githubrepository\distcommsys\grpc_generated\win10\filetran.pb.cc(5802): warning C4244: “=”: 从“google::protobuf::uint64”转换到“google::protobuf::int32”，可能丢失数据
c:\workingstation\githubrepository\distcommsys\grpc_generated\win10\filetran.pb.cc(6102): warning C4244: “=”: 从“google::protobuf::uint64”转换到“google::protobuf::int32”，可能丢失数据
c:\workingstation\githubrepository\distcommsys\grpc_generated\win10\filetran.pb.cc(6661): warning C4244: “=”: 从“google::protobuf::uint64”转换到“google::protobuf::int32”，可能丢失数据
c:\workingstation\githubrepository\distcommsys\grpc_generated\win10\filetran.pb.cc(6668): warning C4244: “=”: 从“google::protobuf::uint64”转换到“google::protobuf::int32”，可能丢失数据
c:\workingstation\githubrepository\distcommsys\grpc_generated\win10\filetran.pb.cc(7161): warning C4244: “=”: 从“google::protobuf::uint64”转换到“google::protobuf::int32”，可能丢失数据
c:\workingstation\githubrepository\distcommsys\grpc_generated\win10\filetran.pb.cc(7381): warning C4800: “google::protobuf::uint64”: 将值强制为布尔值“true”或“false”(性能警告)
c:\workingstation\githubrepository\distcommsys\grpc_generated\win10\filetran.pb.cc(7609): warning C4244: “=”: 从“google::protobuf::uint64”转换到“google::protobuf::int32”，可能丢失数据
c:\workingstation\githubrepository\distcommsys\grpc_generated\win10\filetran.pb.cc(8100): warning C4244: “=”: 从“google::protobuf::uint64”转换到“google::protobuf::int32”，可能丢失数据
  FileTran.grpc.pb.cc
c:\workingstation\githubrepository\distcommsys\grpc\win10\include\google\protobuf\map_type_handler.h(474): warning C4800: “google::protobuf::uint32”: 将值强制为布尔值“true”或“false”(性能警告)
c:\workingstation\githubrepository\distcommsys\grpc\win10\include\grpcpp\impl\codegen\callback_common.h(112): warning C4800: “int”: 将值强制为布尔值“true”或“false”(性能警告)
c:\workingstation\githubrepository\distcommsys\grpc\win10\include\grpcpp\impl\codegen\callback_common.h(201): warning C4800: “int”: 将值强制为布尔值“true”或“false”(性能警告)
  正在生成代码...
