c:\workingstation\githubrepository\distcommsys\client\debug\vc140.pdb
c:\workingstation\githubrepository\distcommsys\client\debug\vc140.idb
c:\workingstation\githubrepository\distcommsys\client\debug\netwatermark.grpc.pb.obj
c:\workingstation\githubrepository\distcommsys\client\debug\netwatermark.pb.obj
c:\workingstation\githubrepository\distcommsys\client\debug\filetranclientcarry.obj
c:\workingstation\githubrepository\distcommsys\client\debug\filetranclientdata.obj
c:\workingstation\githubrepository\distcommsys\client\debug\grpcchannel.obj
c:\workingstation\githubrepository\distcommsys\client\debug\grpcclient.obj
c:\workingstation\githubrepository\distcommsys\client\debug\msgtranclientcarry.obj
c:\workingstation\githubrepository\distcommsys\client\debug\msgtranclientdata.obj
c:\workingstation\githubrepository\distcommsys\client\debug\netconfigclientcarry.obj
c:\workingstation\githubrepository\distcommsys\client\debug\netconfigclientdata.obj
c:\workingstation\githubrepository\distcommsys\client\debug\netdirectoryclientcarry.obj
c:\workingstation\githubrepository\distcommsys\client\debug\netdirectoryclientdata.obj
c:\workingstation\githubrepository\distcommsys\client\debug\netwatermarkclientcarry.obj
c:\workingstation\githubrepository\distcommsys\client\debug\netwatermarkclientdata.obj
c:\workingstation\githubrepository\distcommsys\client\debug\filetran.grpc.pb.obj
c:\workingstation\githubrepository\distcommsys\client\debug\filetran.pb.obj
c:\workingstation\githubrepository\distcommsys\client\debug\metadata.grpc.pb.obj
c:\workingstation\githubrepository\distcommsys\client\debug\metadata.pb.obj
c:\workingstation\githubrepository\distcommsys\client\debug\msgtran.grpc.pb.obj
c:\workingstation\githubrepository\distcommsys\client\debug\msgtran.pb.obj
c:\workingstation\githubrepository\distcommsys\client\debug\netconfig.grpc.pb.obj
c:\workingstation\githubrepository\distcommsys\client\debug\netconfig.pb.obj
c:\workingstation\githubrepository\distcommsys\client\debug\netdirectory.grpc.pb.obj
c:\workingstation\githubrepository\distcommsys\client\debug\netdirectory.pb.obj
c:\workingstation\githubrepository\distcommsys\client\debug\client.tlog\cl.command.1.tlog
c:\workingstation\githubrepository\distcommsys\client\debug\client.tlog\cl.read.1.tlog
c:\workingstation\githubrepository\distcommsys\client\debug\client.tlog\cl.write.1.tlog
